core/build/intermediates/manifest_merge_blame_file/debug/manifest-merger-blame-debug-report.txt
1<?xml version="1.0" encoding="utf-8"?>
2<manifest xmlns:android="http://schemas.android.com/apk/res/android"
3    xmlns:tools="http://schemas.android.com/tools"
4    package="com.nostalgiaemulators.framework"
5    android:installLocation="auto"
6    android:largeHeap="true"
7    android:versionCode="1"
8    android:versionName="1.0" >
9
10    <uses-sdk
11        android:minSdkVersion="15"
11-->src/main/AndroidManifest.xml
12        android:targetSdkVersion="28" />
12-->src/main/AndroidManifest.xml
13
14    <uses-feature
14-->src/main/AndroidManifest.xml:8:5-10:36
15        android:glEsVersion="0x00020000"
15-->src/main/AndroidManifest.xml:9:9-41
16        android:required="false" />
16-->src/main/AndroidManifest.xml:10:9-33
17
18    <!--
19         Toto zde byt musi. Aby byla aplikace dostupna pro TV je zapotrebi explicitne deklarovat ze nevyzadujeme
20    	touchscreen
21    -->
22    <uses-feature
22-->src/main/AndroidManifest.xml:16:5-18:36
23        android:name="android.hardware.touchscreen"
23-->src/main/AndroidManifest.xml:17:9-52
24        android:required="false" />
24-->src/main/AndroidManifest.xml:18:9-33
25
26    <!-- romy jsou na SD karte -->
27    <uses-permission android:name="android.permission.WRITE_EXTERNAL_STORAGE" />
27-->src/main/AndroidManifest.xml:22:5-81
27-->src/main/AndroidManifest.xml:22:22-78
28    <!-- to je jasne -->
29    <uses-permission android:name="android.permission.VIBRATE" />
29-->src/main/AndroidManifest.xml:24:5-66
29-->src/main/AndroidManifest.xml:24:22-63
30    <!-- kvuli reklamam a socialnim sitim -->
31    <uses-permission android:name="android.permission.INTERNET" />
31-->src/main/AndroidManifest.xml:26:5-67
31-->src/main/AndroidManifest.xml:26:22-64
32    <!-- kvuli reklamam a remote controleru -->
33    <uses-permission android:name="android.permission.ACCESS_WIFI_STATE" />
33-->src/main/AndroidManifest.xml:28:5-76
33-->src/main/AndroidManifest.xml:28:22-73
34    <!-- kdyz clovek hraje tak se nezamyka obrazovka na zamek ale jen zhasne -->
35    <uses-permission android:name="android.permission.DISABLE_KEYGUARD" />
35-->src/main/AndroidManifest.xml:30:5-75
35-->src/main/AndroidManifest.xml:30:22-72
36    <!-- kvuli reklamam -->
37    <uses-permission android:name="android.permission.ACCESS_NETWORK_STATE" />
37-->src/main/AndroidManifest.xml:32:5-79
37-->src/main/AndroidManifest.xml:32:22-76
38    <!-- behem hry se neuspava -->
39    <uses-permission android:name="android.permission.WAKE_LOCK" />
39-->src/main/AndroidManifest.xml:34:5-68
39-->src/main/AndroidManifest.xml:34:22-65
40
41    <!-- LVL -->
42    <!-- <uses-permission android:name="com.android.vending.CHECK_LICENSE" /> -->
43    <application
43-->src/main/AndroidManifest.xml:38:5-149:19
44        android:allowBackup="true"
44-->src/main/AndroidManifest.xml:40:9-35
45        android:icon="@mipmap/ic_launcher"
45-->src/main/AndroidManifest.xml:42:9-43
46        android:label="@string/app_name"
46-->src/main/AndroidManifest.xml:43:9-41
47        android:largeHeap="true"
47-->src/main/AndroidManifest.xml:41:9-33
48        android:theme="@style/AppTheme"
48-->src/main/AndroidManifest.xml:44:9-40
49        tools:ignore="GoogleAppIndexingWarning" >
49-->src/main/AndroidManifest.xml:39:9-48
50        <provider
50-->src/main/AndroidManifest.xml:46:9-55:20
51            android:name="androidx.core.content.FileProvider"
51-->src/main/AndroidManifest.xml:47:13-62
52            android:authorities="dollar_openBracket_applicationId_closeBracket.provider"
52-->src/main/AndroidManifest.xml:48:13-60
53            android:exported="false"
53-->src/main/AndroidManifest.xml:49:13-37
54            android:grantUriPermissions="true" >
54-->src/main/AndroidManifest.xml:50:13-47
55            <meta-data
55-->src/main/AndroidManifest.xml:51:13-53:53
56                android:name="android.support.FILE_PROVIDER_PATHS"
56-->src/main/AndroidManifest.xml:52:17-67
57                android:resource="@xml/filepaths" />
57-->src/main/AndroidManifest.xml:53:17-50
58        </provider>
59
60        <uses-library
60-->src/main/AndroidManifest.xml:60:9-62:40
61            android:name="org.apache.http.legacy"
61-->src/main/AndroidManifest.xml:61:13-50
62            android:required="false" />
62-->src/main/AndroidManifest.xml:62:13-37
63
64        <!-- <activity -->
65        <!-- android:name="com.nostalgiaemulators.framework.ui.gamegallery.GalleryActivity" -->
66        <!-- android:label="@string/app_name" > -->
67        <!-- </activity> -->
68        <activity
68-->src/main/AndroidManifest.xml:69:9-71:48
69            android:name="com.nostalgiaemulators.framework.ui.gamegallery.SlotSelectionActivity"
69-->src/main/AndroidManifest.xml:70:13-97
70            android:label="@string/app_name" />
70-->src/main/AndroidManifest.xml:71:13-45
71        <activity
71-->src/main/AndroidManifest.xml:73:9-77:45
72            android:name="com.nostalgiaemulators.framework.base.OpenGLTestActivity"
72-->src/main/AndroidManifest.xml:74:13-84
73            android:exported="false"
73-->src/main/AndroidManifest.xml:75:13-37
74            android:label="@string/app_name"
74-->src/main/AndroidManifest.xml:76:13-45
75            tools:replace="android:label" />
75-->src/main/AndroidManifest.xml:77:13-42
76        <activity
76-->src/main/AndroidManifest.xml:78:9-84:45
77            android:name="com.nostalgiaemulators.framework.base.RestarterActivity"
77-->src/main/AndroidManifest.xml:79:13-83
78            android:configChanges="orientation|screenSize"
78-->src/main/AndroidManifest.xml:80:13-59
79            android:exported="false"
79-->src/main/AndroidManifest.xml:81:13-37
80            android:label="@string/app_name"
80-->src/main/AndroidManifest.xml:82:13-45
81            android:process=":restarter"
81-->src/main/AndroidManifest.xml:83:13-41
82            tools:replace="android:label" />
82-->src/main/AndroidManifest.xml:84:13-42
83        <activity
83-->src/main/AndroidManifest.xml:86:9-89:48
84            android:name="com.nostalgiaemulators.framework.ui.advertising.AppWallActivity"
84-->src/main/AndroidManifest.xml:87:13-91
85            android:exported="false"
85-->src/main/AndroidManifest.xml:88:13-37
86            android:label="@string/app_name" />
86-->src/main/AndroidManifest.xml:89:13-45
87        <activity
87-->src/main/AndroidManifest.xml:92:9-96:45
88            android:name="com.nostalgiaemulators.framework.ui.remotecontroller.RemoteControllerActivity"
88-->src/main/AndroidManifest.xml:93:13-105
89            android:label="Remote controller"
89-->src/main/AndroidManifest.xml:94:13-46
90            android:screenOrientation="landscape"
90-->src/main/AndroidManifest.xml:95:13-50
91            tools:replace="android:label" />
91-->src/main/AndroidManifest.xml:96:13-42
92
93        <!-- <activity -->
94        <!-- tools:replace="android:label" -->
95        <!-- android:name="com.nostalgiaemulators.framework.ui.gamegallery.SlotSelectionActivity" -->
96        <!-- android:label="Select slot" /> -->
97
98        <activity
98-->src/main/AndroidManifest.xml:103:9-107:44
99            android:name="com.nostalgiaemulators.framework.ui.preferences.GeneralPreferenceActivity"
99-->src/main/AndroidManifest.xml:104:13-101
100            android:label="@string/general_pref"
100-->src/main/AndroidManifest.xml:105:13-49
101            android:theme="@style/PrefTheme"
101-->src/main/AndroidManifest.xml:106:13-45
102            tools:replace="android:label" />
102-->src/main/AndroidManifest.xml:107:13-42
103        <activity
103-->src/main/AndroidManifest.xml:109:9-113:45
104            android:name="com.nostalgiaemulators.framework.ui.preferences.GamePreferenceActivity"
104-->src/main/AndroidManifest.xml:110:13-98
105            android:label="@string/game_pref"
105-->src/main/AndroidManifest.xml:111:13-46
106            android:theme="@style/PrefTheme"
106-->src/main/AndroidManifest.xml:112:13-45
107            tools:replace="android:label" />
107-->src/main/AndroidManifest.xml:113:13-42
108        <activity
108-->src/main/AndroidManifest.xml:115:9-119:45
109            android:name="com.nostalgiaemulators.framework.ui.preferences.KeyboardSettingsActivity"
109-->src/main/AndroidManifest.xml:116:13-100
110            android:label="@string/key_pref"
110-->src/main/AndroidManifest.xml:117:13-45
111            android:theme="@style/PrefTheme"
111-->src/main/AndroidManifest.xml:118:13-45
112            tools:replace="android:label" />
112-->src/main/AndroidManifest.xml:119:13-42
113        <activity
113-->src/main/AndroidManifest.xml:121:9-124:45
114            android:name="com.nostalgiaemulators.framework.ui.cheats.CheatsActivity"
114-->src/main/AndroidManifest.xml:122:13-85
115            android:label="Cheats"
115-->src/main/AndroidManifest.xml:123:13-35
116            tools:replace="android:label" />
116-->src/main/AndroidManifest.xml:124:13-42
117        <activity
117-->src/main/AndroidManifest.xml:126:9-129:45
118            android:name="com.nostalgiaemulators.framework.ui.social_net.FacebookPictureActivity"
118-->src/main/AndroidManifest.xml:127:13-98
119            android:label="FB"
119-->src/main/AndroidManifest.xml:128:13-31
120            tools:replace="android:label" />
120-->src/main/AndroidManifest.xml:129:13-42
121        <activity
121-->src/main/AndroidManifest.xml:130:9-133:45
122            android:name="com.nostalgiaemulators.framework.ui.preferences.TouchControllerSettingsActivity"
122-->src/main/AndroidManifest.xml:131:13-107
123            android:label="@string/game_pref"
123-->src/main/AndroidManifest.xml:132:13-46
124            tools:replace="android:label" />
124-->src/main/AndroidManifest.xml:133:13-42
125        <activity
125-->src/main/AndroidManifest.xml:135:9-138:48
126            android:name="com.nostalgiaemulators.framework.ui.preferences.ScreenViewPortSettingsActivity"
126-->src/main/AndroidManifest.xml:136:13-106
127            android:exported="false"
127-->src/main/AndroidManifest.xml:137:13-37
128            android:label="@string/game_pref" />
128-->src/main/AndroidManifest.xml:138:13-46
129
130        <!-- Aktivity tretich stran -->
131        <activity android:name="com.coderplus.filepicker.FilePickerActivity" />
131-->src/main/AndroidManifest.xml:141:9-80
131-->src/main/AndroidManifest.xml:141:19-77
132        <activity
132-->src/main/AndroidManifest.xml:142:9-147:59
133            android:name="org.acra.CrashReportDialog"
133-->src/main/AndroidManifest.xml:143:13-54
134            android:excludeFromRecents="true"
134-->src/main/AndroidManifest.xml:144:13-46
135            android:finishOnTaskLaunch="true"
135-->src/main/AndroidManifest.xml:145:13-46
136            android:launchMode="singleInstance"
136-->src/main/AndroidManifest.xml:146:13-48
137            android:theme="@android:style/Theme.Dialog" />
137-->src/main/AndroidManifest.xml:147:13-56
138    </application>
139
140</manifest>